MuJpsiRes/0/5/0/5/1/
MuonD0/0/0.1/0/0.1/0/
MuonD02/0/0.1/0/0.1/0/
MuonD03/0/0.1/0/0.1/0/
MuonD04/0/0.1/0/0.1/0/
MuonIso/0/15/0/15/0/
MuonIso2/0/15/0/15/0/
MuonIso3/0/15/0/15/0/
MuonIso4/0/15/0/15/0/
Dpipi/0/0.7/0/0.7/1/
Dpsi2smu/0/1/0/1/0/
Dpsi2smu2/0/1/0/1/0/
Dpsi2smu3/0/1/0/1/0/
Dpsi2smu4/0/1/0/1/0/
Dpsi2spi/0/0.6/0/0.6/0/
Dpsi2spi2/0/0.6/0/0.6/0/
Dpsi2sjpsi1/0/0.15/0/0.15/0/
Djpsimu/0/1/0/1/0/
Djpsimu2/0/1/0/1/0/
XEta/0/4/0/4/0/
XPt/0/30/0/30/1/
psi2sProb/0.1/1/0.1/1/1/
psi2sEta/0/2.5/0/2.5/0/
psi2sPt/4/30/4/30/1/
jpsi2Eta/0/2.5/0/2.5/0/
jpsi1Eta/0/2.5/0/2.5/0/
jpsi2Pt/5/20/5/20/1/
jpsi1Pt/5/20/5/20/1/
MuEta/0/2.5/0/2.5/0/
MuEta2/0/2.5/0/2.5/0/
MuEta3/0/2.5/0/2.5/0/
MuEta4/0/2.5/0/2.5/0/
MuPt/2/15/2/15/1/
MuPt2/2/15/2/15/1/
MuPt3/2/15/2/15/1/
MuPt4/2/15/2/15/1/
PiEta/0/3/0/3/0/
PiEta2/0/3/0/3/0/
PiPt/0.5/3/0.5/3/1/
PiPt2/0.5/3/0.5/3/1/
